<?xml version="1.0" encoding="UTF-8"?>
<robot generator="Robot 6.1 (Python 3.11.4 on win32)" generated="20230628 10:37:50.844" rpa="false" schemaversion="4">
<suite id="s1" name="Archive" source="D:\Usuário\Documents\GitHub\Robot-Framework\Archive.robot">
<test id="s1-t1" name="Verificar Pagina Ofertas do Dia" line="64">
<kw name="Open Browser" library="SeleniumLibrary">
<arg>${SITE_URL5}</arg>
<arg>${BROWSER}</arg>
<doc>Opens a new browser instance to the optional ``url``.</doc>
<msg timestamp="20230628 10:37:51.003" level="INFO">Opening browser 'Chrome' to base url 'https://www.mercadolivre.com.br/'.</msg>
<status status="PASS" starttime="20230628 10:37:51.003" endtime="20230628 10:37:53.477"/>
</kw>
<kw name="Click Element" library="SeleniumLibrary">
<arg>xpath=/html/body/header/div/div[5]/div/ul/li[2]/a</arg>
<doc>Click the element identified by ``locator``.</doc>
<msg timestamp="20230628 10:37:53.478" level="INFO">Clicking element 'xpath=/html/body/header/div/div[5]/div/ul/li[2]/a'.</msg>
<status status="PASS" starttime="20230628 10:37:53.478" endtime="20230628 10:37:54.810"/>
</kw>
<kw name="Get Text" library="SeleniumLibrary">
<var>${element_text}</var>
<arg>css=h1.header_title</arg>
<doc>Returns the text value of the element identified by ``locator``.</doc>
<msg timestamp="20230628 10:37:54.951" level="INFO">${element_text} = </msg>
<status status="PASS" starttime="20230628 10:37:54.811" endtime="20230628 10:37:54.952"/>
</kw>
<kw name="Should Be Equal" library="BuiltIn">
<arg>${element_text}</arg>
<arg>Ofertas do dia</arg>
<doc>Fails if the given objects are unequal.</doc>
<msg timestamp="20230628 10:37:54.952" level="FAIL"> != Ofertas do dia</msg>
<status status="FAIL" starttime="20230628 10:37:54.952" endtime="20230628 10:37:54.952"/>
</kw>
<kw name="Close Browser" library="SeleniumLibrary">
<doc>Closes the current browser.</doc>
<status status="NOT RUN" starttime="20230628 10:37:54.953" endtime="20230628 10:37:54.953"/>
</kw>
<status status="FAIL" starttime="20230628 10:37:51.002" endtime="20230628 10:37:54.953"> != Ofertas do dia</status>
</test>
<status status="FAIL" starttime="20230628 10:37:50.845" endtime="20230628 10:37:54.954"/>
</suite>
<statistics>
<total>
<stat pass="0" fail="1" skip="0">All Tests</stat>
</total>
<tag>
</tag>
<suite>
<stat pass="0" fail="1" skip="0" id="s1" name="Archive">Archive</stat>
</suite>
</statistics>
<errors>
</errors>
</robot>
